➡️ Вызван create_access_token с данными: {'sub': 'test1@email.com'}
✅ Создан токен: eyJhbGciOiJIUzI1NiIsInR5cCI6IkpXVCJ9.eyJzdWIiOiJ0ZXN0MUBlbWFpbC5jb20iLCJleHAiOjE3Mzk4ODU3MjR9.RXEzLJTXlXaNNByUunNv1ha_RMPQnr8UJZqNHm11ZM8
➡️ Вызван create_access_token с данными: {'sub': 'test2@email.com'}
✅ Создан токен: eyJhbGciOiJIUzI1NiIsInR5cCI6IkpXVCJ9.eyJzdWIiOiJ0ZXN0MkBlbWFpbC5jb20iLCJleHAiOjE3Mzk4ODU5MDN9._tqkq01g7irPGFTcSfNTNzhAPX59uW31zwUmRRiDzbU
➡️ Вызван create_access_token с данными: {'sub': 'test3@email.com'}
✅ Создан токен: eyJhbGciOiJIUzI1NiIsInR5cCI6IkpXVCJ9.eyJzdWIiOiJ0ZXN0M0BlbWFpbC5jb20iLCJleHAiOjE3Mzk4ODgyMzF9.hsbkZaKMWUNRXPlbORzkLS0mPvDRL204WFPVjqopdHA
➡️ Вызван create_access_token с данными: {'sub': 'test1@email.com'}
✅ Создан токен: eyJhbGciOiJIUzI1NiIsInR5cCI6IkpXVCJ9.eyJzdWIiOiJ0ZXN0MUBlbWFpbC5jb20iLCJleHAiOjE3Mzk4ODg3ODB9.6Qi4Qzyy4oyWFxMIJH1F_BDuUYZo5aorrzl2os5R-MU
➡️ Вызван create_access_token с данными: {'sub': 'test1@email.com'}
✅ Создан токен: eyJhbGciOiJIUzI1NiIsInR5cCI6IkpXVCJ9.eyJzdWIiOiJ0ZXN0MUBlbWFpbC5jb20iLCJleHAiOjE3Mzk4ODkyODR9.QEZjuHoueOKkbth33ugDdWivpO59pIVUn-ofRhKrhFA
➡️ Вызван create_access_token с данными: {'sub': 'test1@email.com'}
✅ Создан токен: eyJhbGciOiJIUzI1NiIsInR5cCI6IkpXVCJ9.eyJzdWIiOiJ0ZXN0MUBlbWFpbC5jb20iLCJleHAiOjE3Mzk4ODkyOTN9.SdP4VvXtNBfVtvXz6vRNKt4wkVHYfY3WsfhG6upXPP4
➡️ Вызван create_access_token с данными: {'sub': 'test1@email.com'}
✅ Создан токен: eyJhbGciOiJIUzI1NiIsInR5cCI6IkpXVCJ9.eyJzdWIiOiJ0ZXN0MUBlbWFpbC5jb20iLCJleHAiOjE3Mzk4ODkzNzB9.dKvqMtEbwcu25VxoPixi6tYPABaXyHA-7gtpTISICX0
➡️ Вызван create_access_token с данными: {'sub': 'test1@email.com'}
✅ Создан токен: eyJhbGciOiJIUzI1NiIsInR5cCI6IkpXVCJ9.eyJzdWIiOiJ0ZXN0MUBlbWFpbC5jb20iLCJleHAiOjE3Mzk4ODk3NzZ9.0pGJHy5mW3r4_-1A_woVoCRyS4gv3AIRC0vo9JH26IU
➡️ Вызван create_access_token с данными: {'sub': 'test1@email.com'}
✅ Создан токен: eyJhbGciOiJIUzI1NiIsInR5cCI6IkpXVCJ9.eyJzdWIiOiJ0ZXN0MUBlbWFpbC5jb20iLCJleHAiOjE3Mzk4ODk4MTF9.Zydc1Cfbv47MGc0HzUlwUVtdRVdbWPvxgUF6xx-Gw5k
➡️ Вызван create_access_token с данными: {'sub': 'test1@email.com'}
✅ Создан токен: eyJhbGciOiJIUzI1NiIsInR5cCI6IkpXVCJ9.eyJzdWIiOiJ0ZXN0MUBlbWFpbC5jb20iLCJleHAiOjE3Mzk4OTMzMTV9.csxpcuKbxmsEPVSY11jpfbDpqTO0EPK1iO6DEUxWfA4
➡️ Вызван create_access_token с данными: {'sub': 'test1@email.com'}
✅ Создан токен: eyJhbGciOiJIUzI1NiIsInR5cCI6IkpXVCJ9.eyJzdWIiOiJ0ZXN0MUBlbWFpbC5jb20iLCJleHAiOjE3Mzk4OTQ5NzN9.hD128e1a-ERI5luT7TOMnXHL2TAqzQAhesZT6BtWSc0
➡️ Вызван create_access_token с данными: {'sub': 'test1@email.com'}
✅ Создан токен: eyJhbGciOiJIUzI1NiIsInR5cCI6IkpXVCJ9.eyJzdWIiOiJ0ZXN0MUBlbWFpbC5jb20iLCJleHAiOjE3Mzk4OTQ5NzZ9.LfB_0I-hDv1wHqI4K3hlbTKVB9rvDyWOTOdDcUOgJjg
➡️ Вызван create_access_token с данными: {'sub': 'test1@email.com'}
✅ Создан токен: eyJhbGciOiJIUzI1NiIsInR5cCI6IkpXVCJ9.eyJzdWIiOiJ0ZXN0MUBlbWFpbC5jb20iLCJleHAiOjE3Mzk4OTQ5NzZ9.LfB_0I-hDv1wHqI4K3hlbTKVB9rvDyWOTOdDcUOgJjg
➡️ Вызван create_access_token с данными: {'sub': 'test4@email.com'}
✅ Создан токен: eyJhbGciOiJIUzI1NiIsInR5cCI6IkpXVCJ9.eyJzdWIiOiJ0ZXN0NEBlbWFpbC5jb20iLCJleHAiOjE3Mzk4OTQ5OTV9.DxhVea6fu3yOsBfhyhrQxG5P6IWB04PcsmXTuq3eOII
➡️ Вызван create_access_token с данными: {'sub': 'test5@email.com'}
✅ Создан токен: eyJhbGciOiJIUzI1NiIsInR5cCI6IkpXVCJ9.eyJzdWIiOiJ0ZXN0NUBlbWFpbC5jb20iLCJleHAiOjE3Mzk4OTUxNjZ9.T-rmZ28CNaK2F5b8_-OnCwiXr0oWZRyA6M1aYKyIq3M
➡️ Вызван create_access_token с данными: {'sub': 'test6@email.com'}
✅ Создан токен: eyJhbGciOiJIUzI1NiIsInR5cCI6IkpXVCJ9.eyJzdWIiOiJ0ZXN0NkBlbWFpbC5jb20iLCJleHAiOjE3Mzk4OTU1MTd9.kDZrybG4bz1ze4aZRzcYsAtyjms0MpUppSXIU1pZesc
➡️ Вызван create_access_token с данными: {'sub': 'test2@email.com'}
✅ Создан токен: eyJhbGciOiJIUzI1NiIsInR5cCI6IkpXVCJ9.eyJzdWIiOiJ0ZXN0MkBlbWFpbC5jb20iLCJleHAiOjE3Mzk4OTU3MjJ9.3a2dmr6Kqh8ex8aZqmardtvEYVeHbJr-qH0e66APtJ0
➡️ Вызван create_access_token с данными: {'sub': 'test2@email.com'}
✅ Создан токен: eyJhbGciOiJIUzI1NiIsInR5cCI6IkpXVCJ9.eyJzdWIiOiJ0ZXN0MkBlbWFpbC5jb20iLCJleHAiOjE3Mzk4OTU3NzR9.m5SuEvzJB_CvxMeeimyYu0am95tNw2cOeuyt86yQfDc
➡️ Вызван create_access_token с данными: {'sub': 'test1@email.com'}
✅ Создан токен: eyJhbGciOiJIUzI1NiIsInR5cCI6IkpXVCJ9.eyJzdWIiOiJ0ZXN0MUBlbWFpbC5jb20iLCJleHAiOjE3Mzk4OTU4MjZ9.TVoAjCQkBGf1WhNktlHpFkN3guVzSQPKp7YuTC0JpDA
➡️ Вызван create_access_token с данными: {'sub': 'test1@email.com'}
✅ Создан токен: eyJhbGciOiJIUzI1NiIsInR5cCI6IkpXVCJ9.eyJzdWIiOiJ0ZXN0MUBlbWFpbC5jb20iLCJleHAiOjE3Mzk4OTU4Mzh9.96s3JQOXSyvOhZDUKC6dap_Bl3GRDHP3O-pqIBe5gbk
➡️ Вызван create_access_token с данными: {'sub': 'test1@email.com'}
✅ Создан токен: eyJhbGciOiJIUzI1NiIsInR5cCI6IkpXVCJ9.eyJzdWIiOiJ0ZXN0MUBlbWFpbC5jb20iLCJleHAiOjE3Mzk4OTU4OTd9.VBOBuq5_ZlP6jYGlRMVdbP9bZvNCO-9QOO_5AmGKc1s
➡️ Вызван create_access_token с данными: {'sub': 'test1@email.com'}
✅ Создан токен: eyJhbGciOiJIUzI1NiIsInR5cCI6IkpXVCJ9.eyJzdWIiOiJ0ZXN0MUBlbWFpbC5jb20iLCJleHAiOjE3Mzk4OTU5MTF9.yRSsP62g44FM7ha3joK4ZPTjXJJbupP91IEr4wLsx68
➡️ Вызван create_access_token с данными: {'sub': 'test1@email.com'}
✅ Создан токен: eyJhbGciOiJIUzI1NiIsInR5cCI6IkpXVCJ9.eyJzdWIiOiJ0ZXN0MUBlbWFpbC5jb20iLCJleHAiOjE3Mzk4OTU5OTd9.AAOFC3ldHyN6h0M8-cpLLTqOIf2Y2j_zxE7ON7V9Tsw
➡️ Вызван create_access_token с данными: {'sub': 'test1@email.com'}
✅ Создан токен: eyJhbGciOiJIUzI1NiIsInR5cCI6IkpXVCJ9.eyJzdWIiOiJ0ZXN0MUBlbWFpbC5jb20iLCJleHAiOjE3Mzk4OTYwMDB9.ZCcvQiai49liMrzOztOdSkUL1BXEmZMdgdCEjoZ93as
➡️ Вызван create_access_token с данными: {'sub': 'test1@email.com'}
✅ Создан токен: eyJhbGciOiJIUzI1NiIsInR5cCI6IkpXVCJ9.eyJzdWIiOiJ0ZXN0MUBlbWFpbC5jb20iLCJleHAiOjE3Mzk4OTYwMDZ9.4qC9UjTqQxWsUhtCIFjAcZO9xDV5ktYLGKoflBB9J5s
➡️ Вызван create_access_token с данными: {'sub': 'test2@email.com'}
✅ Создан токен: eyJhbGciOiJIUzI1NiIsInR5cCI6IkpXVCJ9.eyJzdWIiOiJ0ZXN0MkBlbWFpbC5jb20iLCJleHAiOjE3Mzk4OTYwMTJ9.gsu7g0Oa2uIoqcXoHNo_gl6ImuQKN1AmW7MbDObBy4A
➡️ Вызван create_access_token с данными: {'sub': 'test2@email.com'}
✅ Создан токен: eyJhbGciOiJIUzI1NiIsInR5cCI6IkpXVCJ9.eyJzdWIiOiJ0ZXN0MkBlbWFpbC5jb20iLCJleHAiOjE3Mzk4OTYwNTB9.yFuV26Fin7tkiwBHbfoJ8OKxmb4SzDniEayOtfYuIUE
➡️ Вызван create_access_token с данными: {'sub': 'test2@email.com'}
✅ Создан токен: eyJhbGciOiJIUzI1NiIsInR5cCI6IkpXVCJ9.eyJzdWIiOiJ0ZXN0MkBlbWFpbC5jb20iLCJleHAiOjE3Mzk4OTYwODd9.ChtJL6i99dx-u50krWzEmMXW9hC14gFMfU09r_VwIWo
➡️ Вызван create_access_token с данными: {'sub': 'test2@email.com'}
✅ Создан токен: eyJhbGciOiJIUzI1NiIsInR5cCI6IkpXVCJ9.eyJzdWIiOiJ0ZXN0MkBlbWFpbC5jb20iLCJleHAiOjE3Mzk4OTY2ODh9.bCsU7KmQyEz62JWjCSuFGUTtFm8hkl3megErkBu6MI0
➡️ Вызван create_access_token с данными: {'sub': 'test2@email.com'}
✅ Создан токен: eyJhbGciOiJIUzI1NiIsInR5cCI6IkpXVCJ9.eyJzdWIiOiJ0ZXN0MkBlbWFpbC5jb20iLCJleHAiOjE3Mzk4OTY5NjF9.-t7aBPGLOl1wiR1n9De1JmLVX4Pea9Dbo_Hy8Us62o0
➡️ Вызван create_access_token с данными: {'sub': 'test2@email.com'}
✅ Создан токен: eyJhbGciOiJIUzI1NiIsInR5cCI6IkpXVCJ9.eyJzdWIiOiJ0ZXN0MkBlbWFpbC5jb20iLCJleHAiOjE3Mzk4OTcyNTR9.dSq-PZdl92od2FPJtYduhnghrtMahIUui0gPmduCFvA
➡️ Вызван create_access_token с данными: {'sub': 'test2@email.com'}
✅ Создан токен: eyJhbGciOiJIUzI1NiIsInR5cCI6IkpXVCJ9.eyJzdWIiOiJ0ZXN0MkBlbWFpbC5jb20iLCJleHAiOjE3Mzk4OTczNDZ9.-JSAPLI7gnRuedUJCMFK4QdXZUXR6bqXypKZHca6FSQ
➡️ Вызван create_access_token с данными: {'sub': 'test2@email.com'}
✅ Создан токен: eyJhbGciOiJIUzI1NiIsInR5cCI6IkpXVCJ9.eyJzdWIiOiJ0ZXN0MkBlbWFpbC5jb20iLCJleHAiOjE3Mzk4OTc1MzR9.eOi6Ee5Zpv0-ZoP7kOLJOg-XCr888xsArqg7WhKKDhM
➡️ Вызван create_access_token с данными: {'sub': 'test2@email.com'}
✅ Создан токен: eyJhbGciOiJIUzI1NiIsInR5cCI6IkpXVCJ9.eyJzdWIiOiJ0ZXN0MkBlbWFpbC5jb20iLCJleHAiOjE3Mzk4OTc1Mzh9.2IZrF81X9R1Hin_FcpBRtRFpEvP1-A_dCCqe6MtEyNg
➡️ Вызван create_access_token с данными: {'sub': 'test1@email.com'}
✅ Создан токен: eyJhbGciOiJIUzI1NiIsInR5cCI6IkpXVCJ9.eyJzdWIiOiJ0ZXN0MUBlbWFpbC5jb20iLCJleHAiOjE3Mzk4OTc2NjJ9.2Uv_CJzquTIvqI627as-M_1ZFgk9NBUKEBr3c4ng1FU
➡️ Вызван create_access_token с данными: {'sub': 'test1@email.com'}
✅ Создан токен: eyJhbGciOiJIUzI1NiIsInR5cCI6IkpXVCJ9.eyJzdWIiOiJ0ZXN0MUBlbWFpbC5jb20iLCJleHAiOjE3Mzk4OTc2OTZ9.MsLJpbDs-oNxOLmcgl6RZXTpCBkN_XAqyxmNiTlfAA4
➡️ Вызван create_access_token с данными: {'sub': 'test1@email.com'}
✅ Создан токен: eyJhbGciOiJIUzI1NiIsInR5cCI6IkpXVCJ9.eyJzdWIiOiJ0ZXN0MUBlbWFpbC5jb20iLCJleHAiOjE3Mzk4OTgxMDJ9.3ULrbYi4jY9iLE3NbZgmQvd1c_a4YRCzgKpZMahx7u0
➡️ Вызван create_access_token с данными: {'sub': 'test1@email.com'}
✅ Создан токен: eyJhbGciOiJIUzI1NiIsInR5cCI6IkpXVCJ9.eyJzdWIiOiJ0ZXN0MUBlbWFpbC5jb20iLCJleHAiOjE3Mzk4OTgyMjZ9.tOuzEkLCDZ16MLsRrr7XGaO22DoMiZR7A9nhZCR_FiU
➡️ Вызван create_access_token с данными: {'sub': 'test2@email.com'}
✅ Создан токен: eyJhbGciOiJIUzI1NiIsInR5cCI6IkpXVCJ9.eyJzdWIiOiJ0ZXN0MkBlbWFpbC5jb20iLCJleHAiOjE3Mzk4OTgyOTF9.mhjuhHTrqiA_PUNiwD7wAOuGXp-3UWdSjNese8Rfy9U
➡️ Вызван create_access_token с данными: {'sub': 'test2@email.com'}
✅ Создан токен: eyJhbGciOiJIUzI1NiIsInR5cCI6IkpXVCJ9.eyJzdWIiOiJ0ZXN0MkBlbWFpbC5jb20iLCJleHAiOjE3Mzk4OTgzMTd9.gaaZM4LtcnxZ0lhjmRZI0yxuEU29hCtD5B6ro7wQevs
➡️ Вызван create_access_token с данными: {'sub': 'test2@email.com'}
✅ Создан токен: eyJhbGciOiJIUzI1NiIsInR5cCI6IkpXVCJ9.eyJzdWIiOiJ0ZXN0MkBlbWFpbC5jb20iLCJleHAiOjE3Mzk4OTg3OTJ9.XKsnbMDLkxcFGuHwTsVDlx_he2JxQkpYezJBNpUbHvo
➡️ Вызван create_access_token с данными: {'sub': 'test1@email.com'}
✅ Создан токен: eyJhbGciOiJIUzI1NiIsInR5cCI6IkpXVCJ9.eyJzdWIiOiJ0ZXN0MUBlbWFpbC5jb20iLCJleHAiOjE3Mzk4OTg4MTh9.R-73ARfY_mXtCthoodXtXry_a5yo9skZ28maCYKwY9I
➡️ Вызван create_access_token с данными: {'sub': 'test1@email.com'}
✅ Создан токен: eyJhbGciOiJIUzI1NiIsInR5cCI6IkpXVCJ9.eyJzdWIiOiJ0ZXN0MUBlbWFpbC5jb20iLCJleHAiOjE3Mzk4OTg4MjR9.PKhVfZw7Z1SCibxqT0SUBhFqqO4MCWephf-mQ0n0cOo
➡️ Вызван create_access_token с данными: {'sub': 'test2@email.com'}
✅ Создан токен: eyJhbGciOiJIUzI1NiIsInR5cCI6IkpXVCJ9.eyJzdWIiOiJ0ZXN0MkBlbWFpbC5jb20iLCJleHAiOjE3Mzk4OTg4ODJ9.wc3ObFVHmR-TnhUqFVSgxSkHNZwIT7pqiy4IXqbLBqo
➡️ Вызван create_access_token с данными: {'sub': 'test2@email.com'}
✅ Создан токен: eyJhbGciOiJIUzI1NiIsInR5cCI6IkpXVCJ9.eyJzdWIiOiJ0ZXN0MkBlbWFpbC5jb20iLCJleHAiOjE3Mzk4OTg5MzJ9.VGZpUKoCm5Dd_9WyoZClb2lQGGkscA2hCuGA3EnuBZQ
➡️ Вызван create_access_token с данными: {'sub': 'test2@email.com'}
✅ Создан токен: eyJhbGciOiJIUzI1NiIsInR5cCI6IkpXVCJ9.eyJzdWIiOiJ0ZXN0MkBlbWFpbC5jb20iLCJleHAiOjE3Mzk4OTg5NjJ9.MhiLCQtRUcGAucQdLpQfn3HIfa-QHABFYfzZfd02o0Y
➡️ Вызван create_access_token с данными: {'sub': 'test1@email.com'}
✅ Создан токен: eyJhbGciOiJIUzI1NiIsInR5cCI6IkpXVCJ9.eyJzdWIiOiJ0ZXN0MUBlbWFpbC5jb20iLCJleHAiOjE3Mzk4OTg5NzB9.JXd35odmdcBtA2bLOv0ffr3VOrXzhLwyrkqAFJXyEig
➡️ Вызван create_access_token с данными: {'sub': 'test1@email.com'}
✅ Создан токен: eyJhbGciOiJIUzI1NiIsInR5cCI6IkpXVCJ9.eyJzdWIiOiJ0ZXN0MUBlbWFpbC5jb20iLCJleHAiOjE3Mzk4OTg5NzF9.PMabs2YzSw_eLrUEE_Nk_2Na0rrO4nswYHN5Et8dl9Q
➡️ Вызван create_access_token с данными: {'sub': 'test1@email.com'}
✅ Создан токен: eyJhbGciOiJIUzI1NiIsInR5cCI6IkpXVCJ9.eyJzdWIiOiJ0ZXN0MUBlbWFpbC5jb20iLCJleHAiOjE3Mzk4OTkzNzh9.sVg1A-bSQ_xM6BZzFUxpvYeWe4BhDq-5rvj5IJ1Sv-M
➡️ Вызван create_access_token с данными: {'sub': 'test2@email.com'}
✅ Создан токен: eyJhbGciOiJIUzI1NiIsInR5cCI6IkpXVCJ9.eyJzdWIiOiJ0ZXN0MkBlbWFpbC5jb20iLCJleHAiOjE3Mzk4OTk1NTJ9.OhnyUO4NM5kn2_23P0pijvDWmI4hmF_u2tpArImC4ms
➡️ Вызван create_access_token с данными: {'sub': 'test2@email.com'}
✅ Создан токен: eyJhbGciOiJIUzI1NiIsInR5cCI6IkpXVCJ9.eyJzdWIiOiJ0ZXN0MkBlbWFpbC5jb20iLCJleHAiOjE3Mzk4OTk1NjJ9.KeFWGVt3k22ltmcMJg7fa8WFjtYbEjcccCF2ObJSh5M
➡️ Вызван create_access_token с данными: {'sub': 'test1@email.com'}
✅ Создан токен: eyJhbGciOiJIUzI1NiIsInR5cCI6IkpXVCJ9.eyJzdWIiOiJ0ZXN0MUBlbWFpbC5jb20iLCJleHAiOjE3Mzk4OTk1ODF9.ydvLX7SFaMVkQE8JJ7Y409KT30CPs1Jtp4Aede50gUg
➡️ Вызван create_access_token с данными: {'sub': 'test1@email.com'}
✅ Создан токен: eyJhbGciOiJIUzI1NiIsInR5cCI6IkpXVCJ9.eyJzdWIiOiJ0ZXN0MUBlbWFpbC5jb20iLCJleHAiOjE3Mzk4OTk1ODh9.SaYZTfN2_22bvKyve8pkflhOEqEkL8UpYE20sjOSgcQ
➡️ Вызван create_access_token с данными: {'sub': 'test1@email.com'}
✅ Создан токен: eyJhbGciOiJIUzI1NiIsInR5cCI6IkpXVCJ9.eyJzdWIiOiJ0ZXN0MUBlbWFpbC5jb20iLCJleHAiOjE3Mzk4OTk4MjJ9.a2qLzKhCcbnnWEX5k2a_P_Pzz8gVhXhKpqYRpJYlUNU
➡️ Вызван create_access_token с данными: {'sub': 'test2@email.com'}
✅ Создан токен: eyJhbGciOiJIUzI1NiIsInR5cCI6IkpXVCJ9.eyJzdWIiOiJ0ZXN0MkBlbWFpbC5jb20iLCJleHAiOjE3Mzk4OTk4NzZ9.FW1dlbwGm7ReuYWfu92AlhWm8Tum_ZcvASaCTSjzehY
➡️ Вызван create_access_token с данными: {'sub': 'test1@email.com'}
✅ Создан токен: eyJhbGciOiJIUzI1NiIsInR5cCI6IkpXVCJ9.eyJzdWIiOiJ0ZXN0MUBlbWFpbC5jb20iLCJleHAiOjE3Mzk4OTk5NTh9.5uA3IO-D9XmJdhux_pawzk7esUb09Ez4d219Bn-qifk
➡️ Вызван create_access_token с данными: {'sub': 'test1@email.com'}
✅ Создан токен: eyJhbGciOiJIUzI1NiIsInR5cCI6IkpXVCJ9.eyJzdWIiOiJ0ZXN0MUBlbWFpbC5jb20iLCJleHAiOjE3Mzk5MDAwNDV9.NtPRZNFGHqM7cDl7xKq3Oclmxb9mlEUypGnpRmrj-xM
➡️ Вызван create_access_token с данными: {'sub': 'test1@email.com'}
✅ Создан токен: eyJhbGciOiJIUzI1NiIsInR5cCI6IkpXVCJ9.eyJzdWIiOiJ0ZXN0MUBlbWFpbC5jb20iLCJleHAiOjE3Mzk5MDAwNzB9.GGEkcW6nvTDA3ZhD4Ix9Q209c68Hek2H4oNwNsiir00
➡️ Вызван create_access_token с данными: {'sub': 'test1@email.com'}
✅ Создан токен: eyJhbGciOiJIUzI1NiIsInR5cCI6IkpXVCJ9.eyJzdWIiOiJ0ZXN0MUBlbWFpbC5jb20iLCJleHAiOjE3Mzk5MDAwODR9.AGubEjSWG2VUmQC3lBQ9BHuDMksMHOHrPA0qlH6NF48
➡️ Вызван create_access_token с данными: {'sub': 'test1@email.com'}
✅ Создан токен: eyJhbGciOiJIUzI1NiIsInR5cCI6IkpXVCJ9.eyJzdWIiOiJ0ZXN0MUBlbWFpbC5jb20iLCJleHAiOjE3Mzk5MDAyMDl9.uYW13ZyV_EK4VW4NsijuqvNbtVyh4H5dPgjB6lBye5E
➡️ Вызван create_access_token с данными: {'sub': 'test1@email.com'}
✅ Создан токен: eyJhbGciOiJIUzI1NiIsInR5cCI6IkpXVCJ9.eyJzdWIiOiJ0ZXN0MUBlbWFpbC5jb20iLCJleHAiOjE3Mzk5MDAyMTR9.aIqNGXQrKQAAKz7cbddS2ladjosBgjgMNRDNeQlF8S4
➡️ Вызван create_access_token с данными: {'sub': 'test1@email.com'}
✅ Создан токен: eyJhbGciOiJIUzI1NiIsInR5cCI6IkpXVCJ9.eyJzdWIiOiJ0ZXN0MUBlbWFpbC5jb20iLCJleHAiOjE3Mzk5MDAyMTV9.qaXmroriw-PFQrlzFzn5kGNIwabwmh441aR4FAACxrY
➡️ Вызван create_access_token с данными: {'sub': 'test1@email.com'}
✅ Создан токен: eyJhbGciOiJIUzI1NiIsInR5cCI6IkpXVCJ9.eyJzdWIiOiJ0ZXN0MUBlbWFpbC5jb20iLCJleHAiOjE3Mzk5MDAyMjJ9.mjS-CEViiUFGxmyRy9ryRWczehuxe-lQW4bnvQHLJjQ
➡️ Вызван create_access_token с данными: {'sub': 'test1@email.com'}
✅ Создан токен: eyJhbGciOiJIUzI1NiIsInR5cCI6IkpXVCJ9.eyJzdWIiOiJ0ZXN0MUBlbWFpbC5jb20iLCJleHAiOjE3Mzk5MDAyNjN9.zIML45lAjkE-oMHNYHuJL4sE8RC6qETf9Qy1KOxgzCc
➡️ Вызван create_access_token с данными: {'sub': 'test1@email.com'}
✅ Создан токен: eyJhbGciOiJIUzI1NiIsInR5cCI6IkpXVCJ9.eyJzdWIiOiJ0ZXN0MUBlbWFpbC5jb20iLCJleHAiOjE3Mzk5MDAyOTl9.OComIB8S-G_59NqfG8CeXXvoIIR8NCFZtvLgDBtCtKQ
➡️ Вызван create_access_token с данными: {'sub': 'test1@email.com'}
✅ Создан токен: eyJhbGciOiJIUzI1NiIsInR5cCI6IkpXVCJ9.eyJzdWIiOiJ0ZXN0MUBlbWFpbC5jb20iLCJleHAiOjE3Mzk5MDAzMDF9.qHNEPIPxRh8WutVzpZrbFRH5dcb9YzJjn3kgzXho0u8
➡️ Вызван create_access_token с данными: {'sub': 'test1@email.com'}
✅ Создан токен: eyJhbGciOiJIUzI1NiIsInR5cCI6IkpXVCJ9.eyJzdWIiOiJ0ZXN0MUBlbWFpbC5jb20iLCJleHAiOjE3Mzk5MDAzMDJ9.N-lIbuiorSX7sLo9jG2sFaysI4aQpuOwZM2lsDB4eRE
➡️ Вызван create_access_token с данными: {'sub': 'test1@email.com'}
✅ Создан токен: eyJhbGciOiJIUzI1NiIsInR5cCI6IkpXVCJ9.eyJzdWIiOiJ0ZXN0MUBlbWFpbC5jb20iLCJleHAiOjE3Mzk5MDAzMDN9.x6zRcLWHACcntbs1U5q_em6HxkijSLsUoF9T3mgyCdQ
➡️ Вызван create_access_token с данными: {'sub': 'test1@email.com'}
✅ Создан токен: eyJhbGciOiJIUzI1NiIsInR5cCI6IkpXVCJ9.eyJzdWIiOiJ0ZXN0MUBlbWFpbC5jb20iLCJleHAiOjE3Mzk5MDAzMDR9.D6dNyWHGq1CZAtcCx8CHjuHp5yi-bMmkvun4nTfGcIE
➡️ Вызван create_access_token с данными: {'sub': 'test1@email.com'}
✅ Создан токен: eyJhbGciOiJIUzI1NiIsInR5cCI6IkpXVCJ9.eyJzdWIiOiJ0ZXN0MUBlbWFpbC5jb20iLCJleHAiOjE3Mzk5MDAzMDV9.HK4pS69co7OeDRVMjOu2vWI6DaX4kc6AnJ5RQu8a_Gs
➡️ Вызван create_access_token с данными: {'sub': 'test1@email.com'}
✅ Создан токен: eyJhbGciOiJIUzI1NiIsInR5cCI6IkpXVCJ9.eyJzdWIiOiJ0ZXN0MUBlbWFpbC5jb20iLCJleHAiOjE3Mzk5MDA0NjZ9.g_O54O18_AwITDQsT34zTUJDW__yEUTySPFqTY_zJVQ
➡️ Вызван create_access_token с данными: {'sub': 'test1@email.com'}
✅ Создан токен: eyJhbGciOiJIUzI1NiIsInR5cCI6IkpXVCJ9.eyJzdWIiOiJ0ZXN0MUBlbWFpbC5jb20iLCJleHAiOjE3Mzk5MDA1MjJ9.Jm7UfqihAI26UCQW1FbMG8btarY9ELb7-rcvqQZmQXo
➡️ Вызван create_access_token с данными: {'sub': 'test1@email.com'}
✅ Создан токен: eyJhbGciOiJIUzI1NiIsInR5cCI6IkpXVCJ9.eyJzdWIiOiJ0ZXN0MUBlbWFpbC5jb20iLCJleHAiOjE3Mzk5MDA1NTd9.M5gw_FvqhOpe2CFeGyFUBDPGg4yfqrYsmfaI2nSTjwI
➡️ Вызван create_access_token с данными: {'sub': 'test1@email.com'}
✅ Создан токен: eyJhbGciOiJIUzI1NiIsInR5cCI6IkpXVCJ9.eyJzdWIiOiJ0ZXN0MUBlbWFpbC5jb20iLCJleHAiOjE3Mzk5MDA1Nzd9.v57cnsyW3XNj1EAP-1hrBsrRPYjmE1HY1anIyYp1zOA
➡️ Вызван create_access_token с данными: {'sub': 'test1@email.com'}
✅ Создан токен: eyJhbGciOiJIUzI1NiIsInR5cCI6IkpXVCJ9.eyJzdWIiOiJ0ZXN0MUBlbWFpbC5jb20iLCJleHAiOjE3Mzk5MDA2MjF9.FRd-PCwe26C2I2XdA6etMz9VsHSDn-wI4AWDiN8_kJo
➡️ Вызван create_access_token с данными: {'sub': 'test1@email.com'}
✅ Создан токен: eyJhbGciOiJIUzI1NiIsInR5cCI6IkpXVCJ9.eyJzdWIiOiJ0ZXN0MUBlbWFpbC5jb20iLCJleHAiOjE3Mzk5MDA2NjB9.zYEE47DMrmUDCFqvsRhgJVDIuXlQxngd4rHxTbG5hs8
➡️ Вызван create_access_token с данными: {'sub': 'test1@email.com'}
✅ Создан токен: eyJhbGciOiJIUzI1NiIsInR5cCI6IkpXVCJ9.eyJzdWIiOiJ0ZXN0MUBlbWFpbC5jb20iLCJleHAiOjE3Mzk5MDA3MjF9.W63yMO08OSYHgTOC1dvh0TML4qYDee3WN9WWMdImj9E
➡️ Вызван create_access_token с данными: {'sub': 'test1@email.com'}
✅ Создан токен: eyJhbGciOiJIUzI1NiIsInR5cCI6IkpXVCJ9.eyJzdWIiOiJ0ZXN0MUBlbWFpbC5jb20iLCJleHAiOjE3Mzk5MDEwMjZ9.7YfgbB4P4zumvXmEz2HlRRvAkNzJG7HtPdSEeC7MT-E
➡️ Вызван create_access_token с данными: {'sub': 'test1@email.com'}
✅ Создан токен: eyJhbGciOiJIUzI1NiIsInR5cCI6IkpXVCJ9.eyJzdWIiOiJ0ZXN0MUBlbWFpbC5jb20iLCJleHAiOjE3Mzk5MDEwNTN9.GLUfjzYRso2NE9hbwUW81TdKLFU-0bJRbjymOf9v_HY
➡️ Вызван create_access_token с данными: {'sub': 'test1@email.com'}
✅ Создан токен: eyJhbGciOiJIUzI1NiIsInR5cCI6IkpXVCJ9.eyJzdWIiOiJ0ZXN0MUBlbWFpbC5jb20iLCJleHAiOjE3Mzk5MDExMjF9.Bl6V1lPWDrDjo40_2Ya-wgZ9JSkhwpmOgx5Nmu-ZBJ8
➡️ Вызван create_access_token с данными: {'sub': 'test1@email.com'}
✅ Создан токен: eyJhbGciOiJIUzI1NiIsInR5cCI6IkpXVCJ9.eyJzdWIiOiJ0ZXN0MUBlbWFpbC5jb20iLCJleHAiOjE3Mzk5MDIxNDB9.23swugzY-WnkSEB3V4F2DwD26XeU-j1WfocTwFXUDfA
➡️ Вызван create_access_token с данными: {'sub': 'test1@email.com'}
✅ Создан токен: eyJhbGciOiJIUzI1NiIsInR5cCI6IkpXVCJ9.eyJzdWIiOiJ0ZXN0MUBlbWFpbC5jb20iLCJleHAiOjE3Mzk5MDIxNDJ9.wQhRZVOnjaGfTs3iCYr8Od7tRAzv83Tlkky24NkgCb0
➡️ Вызван create_access_token с данными: {'sub': 'test1@email.com'}
✅ Создан токен: eyJhbGciOiJIUzI1NiIsInR5cCI6IkpXVCJ9.eyJzdWIiOiJ0ZXN0MUBlbWFpbC5jb20iLCJleHAiOjE3Mzk5MDIyNTB9.ZoRB4fBHEyIxqWtlqR7ZnC6s_zf_NDqvnOZ2JNwEFNE
➡️ Вызван create_access_token с данными: {'sub': 'test1@email.com'}
✅ Создан токен: eyJhbGciOiJIUzI1NiIsInR5cCI6IkpXVCJ9.eyJzdWIiOiJ0ZXN0MUBlbWFpbC5jb20iLCJleHAiOjE3Mzk5MDIyNzN9.NTaPTTra5tqiFg8VJlnVR-65zw9JI7K4oqHXPiqyGl4
➡️ Вызван create_access_token с данными: {'sub': 'test1@email.com'}
✅ Создан токен: eyJhbGciOiJIUzI1NiIsInR5cCI6IkpXVCJ9.eyJzdWIiOiJ0ZXN0MUBlbWFpbC5jb20iLCJleHAiOjE3Mzk5MDIyNzh9.aD5EVGIBdlUpAko5XC2CV23L287udY1pEZR8lTiovPw
➡️ Вызван create_access_token с данными: {'sub': 'test1@email.com'}
✅ Создан токен: eyJhbGciOiJIUzI1NiIsInR5cCI6IkpXVCJ9.eyJzdWIiOiJ0ZXN0MUBlbWFpbC5jb20iLCJleHAiOjE3Mzk5MDIzNDB9.QatXc5LYVQkMfgIRcPXis1ZpjOiGVQdcS6GwypQwg0U
➡️ Вызван create_access_token с данными: {'sub': 'test1@email.com'}
✅ Создан токен: eyJhbGciOiJIUzI1NiIsInR5cCI6IkpXVCJ9.eyJzdWIiOiJ0ZXN0MUBlbWFpbC5jb20iLCJleHAiOjE3Mzk5MDQ0NTl9.TBhJ6DmAfzktY7ryl5jPMhKK7AcyQSSJKjFXKSzayjs
➡️ Вызван create_access_token с данными: {'sub': 'test1@email.com'}
✅ Создан токен: eyJhbGciOiJIUzI1NiIsInR5cCI6IkpXVCJ9.eyJzdWIiOiJ0ZXN0MUBlbWFpbC5jb20iLCJleHAiOjE3Mzk5NzgyNTR9.hc7JuuNa3agsLtnOQvcUx4UeRc1MXUzur7oJCwLRfMQ
➡️ Вызван create_access_token с данными: {'sub': 'test2@email.com'}
✅ Создан токен: eyJhbGciOiJIUzI1NiIsInR5cCI6IkpXVCJ9.eyJzdWIiOiJ0ZXN0MkBlbWFpbC5jb20iLCJleHAiOjE3Mzk5Nzg1MDB9.yXlDf37j6SYt9Siod6-FEwxq-_OLEU5M-3XVWWw9Lc4
➡️ Вызван create_access_token с данными: {'sub': 'test1@email.com'}
✅ Создан токен: eyJhbGciOiJIUzI1NiIsInR5cCI6IkpXVCJ9.eyJzdWIiOiJ0ZXN0MUBlbWFpbC5jb20iLCJleHAiOjE3Mzk5Nzg1NzF9.PvdF7nS1PglBJuHzRXn0LqIfcK2h8zZG3gJskyTM3p4
➡️ Вызван create_access_token с данными: {'sub': 'test1@email.com'}
✅ Создан токен: eyJhbGciOiJIUzI1NiIsInR5cCI6IkpXVCJ9.eyJzdWIiOiJ0ZXN0MUBlbWFpbC5jb20iLCJleHAiOjE3Mzk5Nzg2NDJ9.PME8frnB3p-7vyvrg42aZmWynk5IsH3SGMu8WnUdSd0
➡️ Вызван create_access_token с данными: {'sub': 'test1@email.com'}
✅ Создан токен: eyJhbGciOiJIUzI1NiIsInR5cCI6IkpXVCJ9.eyJzdWIiOiJ0ZXN0MUBlbWFpbC5jb20iLCJleHAiOjE3Mzk5Nzg2NTB9.jPaaQSlKh_iRu7tEUpdSpfz9d9qCSmsgJ62FGRYW4K0
➡️ Вызван create_access_token с данными: {'sub': 'test2@email.com'}
✅ Создан токен: eyJhbGciOiJIUzI1NiIsInR5cCI6IkpXVCJ9.eyJzdWIiOiJ0ZXN0MkBlbWFpbC5jb20iLCJleHAiOjE3Mzk5Nzg2NTZ9.ZNtILmP333d-1pKkJ66y7jj-5VahKP91jHUj6bRaymc
➡️ Вызван create_access_token с данными: {'sub': 'test3@email.com'}
✅ Создан токен: eyJhbGciOiJIUzI1NiIsInR5cCI6IkpXVCJ9.eyJzdWIiOiJ0ZXN0M0BlbWFpbC5jb20iLCJleHAiOjE3Mzk5Nzg2Njd9.o8mJePO3flX_khPQMSdf8d9mN-hSl83SdTBqqLTS3Tk
➡️ Вызван create_access_token с данными: {'sub': 'test1@email.com'}
✅ Создан токен: eyJhbGciOiJIUzI1NiIsInR5cCI6IkpXVCJ9.eyJzdWIiOiJ0ZXN0MUBlbWFpbC5jb20iLCJleHAiOjE3Mzk5Nzg2ODl9.L-yYaeZ-qOJiJmNobPqrmJiFTOEj1WS0cyUJVJl_rWA
➡️ Вызван create_access_token с данными: {'sub': 'test1@email.com'}
✅ Создан токен: eyJhbGciOiJIUzI1NiIsInR5cCI6IkpXVCJ9.eyJzdWIiOiJ0ZXN0MUBlbWFpbC5jb20iLCJleHAiOjE3Mzk5ODAzODN9.793v2OBeWkGlm6pnBEAqiwWP_7cDAuaDVQctuBzYczs

➡️ Вызван create_access_token:
   Данные: {'sub': 'test1@email.com'}
   Токен: eyJhbGciOiJIUzI1NiIsInR5cCI6IkpXVCJ9.eyJzdWIiOiJ0ZXN0MUBlbWFpbC5jb20iLCJleHAiOjE3Mzk5ODExMzF9.A3zcjGvYDBuSwFwz6igqHw_R8S2a05IOeZiJCiihiLo

➡️ Вызван create_access_token:
   Данные: {'sub': 'test4@email.com'}
   Токен: eyJhbGciOiJIUzI1NiIsInR5cCI6IkpXVCJ9.eyJzdWIiOiJ0ZXN0NEBlbWFpbC5jb20iLCJleHAiOjE3Mzk5ODExNDR9.WFpIeXKB0fVEel07DwiUyr9JCbGxgBYUAN35jIg_nOQ

➡️ Вызван create_access_token:
   Данные: {'sub': 'test1@email.com'}
   Токен: eyJhbGciOiJIUzI1NiIsInR5cCI6IkpXVCJ9.eyJzdWIiOiJ0ZXN0MUBlbWFpbC5jb20iLCJleHAiOjE3Mzk5ODExNTh9.q1RiwWv9Ycgmt1LXeZiGh8Y11_nNG_VVoqsr7d8BsRM

➡️ Вызван create_access_token:
   Данные: {'sub': 'test1@email.com'}
   Токен: eyJhbGciOiJIUzI1NiIsInR5cCI6IkpXVCJ9.eyJzdWIiOiJ0ZXN0MUBlbWFpbC5jb20iLCJleHAiOjE3Mzk5ODExNjh9.0OKGdGgOn1CjYCcuYQ-kNNua7F17dF0DatftCfTK0RQ

➡️ Вызван create_access_token:
   Данные: {'sub': 'test1@email.com'}
   Токен: eyJhbGciOiJIUzI1NiIsInR5cCI6IkpXVCJ9.eyJzdWIiOiJ0ZXN0MUBlbWFpbC5jb20iLCJleHAiOjE3Mzk5ODEyMTN9.evapyVkD12PAFb2YcCo6gx9l5xA3c9x0992KazXFMRc

➡️ Вызван create_access_token:
   Данные: {'sub': 'test1@email.com'}
   Токен: eyJhbGciOiJIUzI1NiIsInR5cCI6IkpXVCJ9.eyJzdWIiOiJ0ZXN0MUBlbWFpbC5jb20iLCJleHAiOjE3Mzk5ODIwNzJ9.VfLeifFGuK5oiNPF40u9w4fnkU-JBkbLWQr5QOC4yO0

➡️ Вызван create_access_token:
   Данные: {'sub': 'test5@email.com'}
   Токен: eyJhbGciOiJIUzI1NiIsInR5cCI6IkpXVCJ9.eyJzdWIiOiJ0ZXN0NUBlbWFpbC5jb20iLCJleHAiOjE3Mzk5ODIxODN9.ajp3KEGuB_gh9lCEYmjHvUURLBpzu8Ha2hnkvMmBbr4

➡️ Вызван create_access_token:
   Данные: {'sub': 'test5@email.com'}
   Токен: eyJhbGciOiJIUzI1NiIsInR5cCI6IkpXVCJ9.eyJzdWIiOiJ0ZXN0NUBlbWFpbC5jb20iLCJleHAiOjE3Mzk5ODIyODV9.wNp7qxmu2L9vlYOb6H3hZy4c-AlWMVk0c5XXi-QG4fs

➡️ Вызван create_access_token:
   Данные: {'sub': 'test5@email.com'}
   Токен: eyJhbGciOiJIUzI1NiIsInR5cCI6IkpXVCJ9.eyJzdWIiOiJ0ZXN0NUBlbWFpbC5jb20iLCJleHAiOjE3Mzk5ODIzMDR9.y_19j2vBcZOQl6trJiShEbodNhsaoyuI721CG4hgCXY

➡️ Вызван create_access_token:
   Данные: {'sub': 'test1@email.com'}
   Токен: eyJhbGciOiJIUzI1NiIsInR5cCI6IkpXVCJ9.eyJzdWIiOiJ0ZXN0MUBlbWFpbC5jb20iLCJleHAiOjE3Mzk5ODIzMTN9.YwsyZcojDTljDtpJVJM66HdW5roAoItj_TMfYjRr0PQ

➡️ Вызван create_access_token:
   Данные: {'sub': 'test1@email.com'}
   Токен: eyJhbGciOiJIUzI1NiIsInR5cCI6IkpXVCJ9.eyJzdWIiOiJ0ZXN0MUBlbWFpbC5jb20iLCJleHAiOjE3Mzk5ODIzMjN9.3FLFQwisCIJOHgwrq5zoIcDrUwvfgQI-OPIgqAcTBn8

➡️ Вызван create_access_token:
   Данные: {'sub': 'test1@email.com'}
   Токен: eyJhbGciOiJIUzI1NiIsInR5cCI6IkpXVCJ9.eyJzdWIiOiJ0ZXN0MUBlbWFpbC5jb20iLCJleHAiOjE3Mzk5ODIzMjZ9.i-jPEn8D868IAsioGfmC-HFwBqJ-BvmBUqQ1K69HktA

➡️ Вызван create_access_token:
   Данные: {'sub': 'test1@email.com'}
   Токен: eyJhbGciOiJIUzI1NiIsInR5cCI6IkpXVCJ9.eyJzdWIiOiJ0ZXN0MUBlbWFpbC5jb20iLCJleHAiOjE3Mzk5ODIzMzB9.IpD_ZcSz0kJtgn5X82N8dCmIPiXQxZQ7Tk1yjMKTvss

➡️ Вызван create_access_token:
   Данные: {'sub': 'test5@email.com'}
   Токен: eyJhbGciOiJIUzI1NiIsInR5cCI6IkpXVCJ9.eyJzdWIiOiJ0ZXN0NUBlbWFpbC5jb20iLCJleHAiOjE3Mzk5ODIzOTV9.URm8eHlghQbdocA6QbaPwCjCcytPlKoeM73G5oSirQo

➡️ Вызван create_access_token:
   Данные: {'sub': 'test1@email.com'}
   Токен: eyJhbGciOiJIUzI1NiIsInR5cCI6IkpXVCJ9.eyJzdWIiOiJ0ZXN0MUBlbWFpbC5jb20iLCJleHAiOjE3Mzk5ODI1OTN9.nwAZGms00sEUmFoUREghFJVOIKz33BtaHEiP1Nxue6E

➡️ Вызван create_access_token:
   Данные: {'sub': 'test6@email.com'}
   Токен: eyJhbGciOiJIUzI1NiIsInR5cCI6IkpXVCJ9.eyJzdWIiOiJ0ZXN0NkBlbWFpbC5jb20iLCJleHAiOjE3Mzk5ODI3MTh9.dTZB5OTKsXa3s6o6nSNRFjx7Kh6WwUaktnOX0Q1GFaU

➡️ Вызван create_access_token:
   Данные: {'sub': 'test6@email.com'}
   Токен: eyJhbGciOiJIUzI1NiIsInR5cCI6IkpXVCJ9.eyJzdWIiOiJ0ZXN0NkBlbWFpbC5jb20iLCJleHAiOjE3Mzk5ODI3NjZ9._LPDzt_1fpRWrr3HJVNl0_K1t3--uzRlb3_5AEnONlk

➡️ Вызван create_access_token:
   Данные: {'sub': 'test6@email.com'}
   Токен: eyJhbGciOiJIUzI1NiIsInR5cCI6IkpXVCJ9.eyJzdWIiOiJ0ZXN0NkBlbWFpbC5jb20iLCJleHAiOjE3Mzk5ODI3NzF9.8GXw6M7c4VGVSiws4rzpg2eHPp27XW-CtSXSaWlMABs

➡️ Вызван create_access_token:
   Данные: {'sub': 'test6@email.com'}
   Токен: eyJhbGciOiJIUzI1NiIsInR5cCI6IkpXVCJ9.eyJzdWIiOiJ0ZXN0NkBlbWFpbC5jb20iLCJleHAiOjE3Mzk5ODI4NDB9.AGnmYLVxenuIjvlKk1NIjE2Nmtm6YuRJqFnx7Vas5LE

➡️ Вызван create_access_token:
   Данные: {'sub': 'test6@email.com'}
   Токен: eyJhbGciOiJIUzI1NiIsInR5cCI6IkpXVCJ9.eyJzdWIiOiJ0ZXN0NkBlbWFpbC5jb20iLCJleHAiOjE3Mzk5ODMzNjF9.bpLt_zcDbTlNNM6V3QkeOGn8BlZoV3ONN3o1GkgdX7g

➡️ Вызван create_access_token:
   Данные: {'sub': 'test6@email.com'}
   Токен: eyJhbGciOiJIUzI1NiIsInR5cCI6IkpXVCJ9.eyJzdWIiOiJ0ZXN0NkBlbWFpbC5jb20iLCJleHAiOjE3Mzk5ODMzNzd9.YH-6twCPyrjvdVzSqqu-Ctz5JE18gprN6QNHn_Wykgg

➡️ Вызван create_access_token:
   Данные: {'sub': 'test6@email.com'}
   Токен: eyJhbGciOiJIUzI1NiIsInR5cCI6IkpXVCJ9.eyJzdWIiOiJ0ZXN0NkBlbWFpbC5jb20iLCJleHAiOjE3Mzk5ODMzOTN9.nSZJ3z3pS5aeiXobxnHGaMWdVJSvr_S-OHiPg3PG5dQ

➡️ Вызван create_access_token:
   Данные: {'sub': 'test6@email.com'}
   Токен: eyJhbGciOiJIUzI1NiIsInR5cCI6IkpXVCJ9.eyJzdWIiOiJ0ZXN0NkBlbWFpbC5jb20iLCJleHAiOjE3Mzk5ODQwMjB9.Mx6BqVTc6JYtiQOZyISWCRj9dbJYV2TV9IHzE7L538Q

➡️ Вызван create_access_token:
   Данные: {'sub': 'test6@email.com'}
   Токен: eyJhbGciOiJIUzI1NiIsInR5cCI6IkpXVCJ9.eyJzdWIiOiJ0ZXN0NkBlbWFpbC5jb20iLCJleHAiOjE3Mzk5ODQyMjl9.nV45pv5iI-9nGXGv1YQjDraI6jz9KjaoHU1cJIU31SQ

➡️ Вызван create_access_token:
   Данные: {'sub': 'test6@email.com'}
   Токен: eyJhbGciOiJIUzI1NiIsInR5cCI6IkpXVCJ9.eyJzdWIiOiJ0ZXN0NkBlbWFpbC5jb20iLCJleHAiOjE3Mzk5ODQyODF9.JZFNTJTpI-Vp3cxDx6L_WvknRp3MV8tmtAWXA-upp_A

➡️ Вызван create_access_token:
   Данные: {'sub': 'test6@email.com'}
   Токен: eyJhbGciOiJIUzI1NiIsInR5cCI6IkpXVCJ9.eyJzdWIiOiJ0ZXN0NkBlbWFpbC5jb20iLCJleHAiOjE3NDA1ODU2MzJ9.tOIx6fi0vkuZF_sVFa-DIf_obE6OpSny-Qomqorqy_k

➡️ Вызван create_access_token:
   Данные: {'sub': 'test6@email.com'}
   Токен: eyJhbGciOiJIUzI1NiIsInR5cCI6IkpXVCJ9.eyJzdWIiOiJ0ZXN0NkBlbWFpbC5jb20iLCJleHAiOjE3NDA1ODYwMTZ9.wFuizc7ZklCIYiRbvi9rC8qmA3A7ot0LqY8tCKvrIg8
